<?xml version="1.0" encoding="UTF-8"?>
<!-- Generated by org.testng.reporters.JUnitXMLReporter -->
<testsuite hostname="BKSQ-SAVAGE-MAC.local" ignored="0" name="Command line test" tests="6" failures="0" timestamp="28 May 2020 20:14:37 GMT" time="1.545" errors="0">
  <testcase name="testHandleLifecyclePauseEvents" time="0.012" classname="org.sherzberg.graylog.aws.inputs.s3.S3TransportTest"/>
  <testcase name="testHandleLifecyclePauseEvents" time="0.0" classname="org.sherzberg.graylog.aws.inputs.s3.S3TransportTest"/>
  <testcase name="testHandleLifecyclePauseEvents" time="0.0" classname="org.sherzberg.graylog.aws.inputs.s3.S3TransportTest"/>
  <testcase name="testHandleLifecyclePauseEvents" time="0.0" classname="org.sherzberg.graylog.aws.inputs.s3.S3TransportTest"/>
  <testcase name="testDecode" time="0.148" classname="org.sherzberg.graylog.aws.inputs.s3.S3CodecTest"/>
  <testcase name="testDeleteHappyPath" time="0.544" classname="org.sherzberg.graylog.aws.inputs.s3.notifications.S3SQSClientTest"/>
</testsuite> <!-- Command line test -->
